{"/Users/Meg/SPRINGBOARD/React-Jobly/jobly-frontend/src/App.js": {"path":"/Users/Meg/SPRINGBOARD/React-Jobly/jobly-frontend/src/App.js","statementMap":{"0":{"start":{"line":42,"column":26},"end":{"line":42,"column":39}},"1":{"start":{"line":46,"column":28},"end":{"line":46,"column":68}},"2":{"start":{"line":49,"column":40},"end":{"line":49,"column":54}},"3":{"start":{"line":52,"column":38},"end":{"line":52,"column":53}},"4":{"start":{"line":62,"column":2},"end":{"line":90,"column":14}},"5":{"start":{"line":64,"column":6},"end":{"line":64,"column":27}},"6":{"start":{"line":65,"column":6},"end":{"line":86,"column":7}},"7":{"start":{"line":66,"column":8},"end":{"line":79,"column":9}},"8":{"start":{"line":68,"column":10},"end":{"line":68,"column":33}},"9":{"start":{"line":71,"column":31},"end":{"line":71,"column":47}},"10":{"start":{"line":74,"column":23},"end":{"line":74,"column":62}},"11":{"start":{"line":75,"column":10},"end":{"line":75,"column":31}},"12":{"start":{"line":78,"column":10},"end":{"line":78,"column":31}},"13":{"start":{"line":82,"column":8},"end":{"line":82,"column":47}},"14":{"start":{"line":83,"column":8},"end":{"line":83,"column":29}},"15":{"start":{"line":85,"column":8},"end":{"line":85,"column":28}},"16":{"start":{"line":89,"column":4},"end":{"line":89,"column":15}},"17":{"start":{"line":98,"column":21},"end":{"line":98,"column":51}},"18":{"start":{"line":99,"column":4},"end":{"line":99,"column":23}},"19":{"start":{"line":108,"column":21},"end":{"line":108,"column":52}},"20":{"start":{"line":109,"column":4},"end":{"line":109,"column":23}},"21":{"start":{"line":118,"column":4},"end":{"line":118,"column":19}},"22":{"start":{"line":119,"column":4},"end":{"line":119,"column":26}},"23":{"start":{"line":128,"column":4},"end":{"line":128,"column":35}},"24":{"start":{"line":128,"column":22},"end":{"line":128,"column":35}},"25":{"start":{"line":129,"column":4},"end":{"line":129,"column":56}},"26":{"start":{"line":139,"column":4},"end":{"line":139,"column":29}},"27":{"start":{"line":139,"column":22},"end":{"line":139,"column":29}},"28":{"start":{"line":142,"column":4},"end":{"line":142,"column":39}},"29":{"start":{"line":142,"column":32},"end":{"line":142,"column":39}},"30":{"start":{"line":144,"column":4},"end":{"line":144,"column":59}},"31":{"start":{"line":147,"column":4},"end":{"line":150,"column":8}},"32":{"start":{"line":147,"column":27},"end":{"line":150,"column":5}},"33":{"start":{"line":158,"column":14},"end":{"line":168,"column":3}},"34":{"start":{"line":159,"column":11},"end":{"line":166,"column":5}},"35":{"start":{"line":172,"column":2},"end":{"line":172,"column":70}},"36":{"start":{"line":172,"column":19},"end":{"line":172,"column":70}},"37":{"start":{"line":174,"column":2},"end":{"line":245,"column":4}}},"fnMap":{"0":{"name":"App","decl":{"start":{"line":44,"column":24},"end":{"line":44,"column":27}},"loc":{"start":{"line":44,"column":30},"end":{"line":246,"column":1}},"line":44},"1":{"name":"(anonymous_1)","decl":{"start":{"line":62,"column":12},"end":{"line":62,"column":13}},"loc":{"start":{"line":62,"column":18},"end":{"line":90,"column":3}},"line":62},"2":{"name":"loadUser","decl":{"start":{"line":63,"column":19},"end":{"line":63,"column":27}},"loc":{"start":{"line":63,"column":30},"end":{"line":87,"column":5}},"line":63},"3":{"name":"login","decl":{"start":{"line":97,"column":17},"end":{"line":97,"column":22}},"loc":{"start":{"line":97,"column":33},"end":{"line":100,"column":3}},"line":97},"4":{"name":"signup","decl":{"start":{"line":107,"column":17},"end":{"line":107,"column":23}},"loc":{"start":{"line":107,"column":34},"end":{"line":110,"column":3}},"line":107},"5":{"name":"logout","decl":{"start":{"line":117,"column":11},"end":{"line":117,"column":17}},"loc":{"start":{"line":117,"column":20},"end":{"line":120,"column":3}},"line":117},"6":{"name":"hasAppliedToJob","decl":{"start":{"line":127,"column":11},"end":{"line":127,"column":26}},"loc":{"start":{"line":127,"column":34},"end":{"line":130,"column":3}},"line":127},"7":{"name":"applyToJob","decl":{"start":{"line":138,"column":17},"end":{"line":138,"column":27}},"loc":{"start":{"line":138,"column":35},"end":{"line":151,"column":3}},"line":138},"8":{"name":"(anonymous_8)","decl":{"start":{"line":147,"column":19},"end":{"line":147,"column":20}},"loc":{"start":{"line":147,"column":27},"end":{"line":150,"column":5}},"line":147},"9":{"name":"(anonymous_9)","decl":{"start":{"line":159,"column":4},"end":{"line":159,"column":5}},"loc":{"start":{"line":159,"column":11},"end":{"line":166,"column":5}},"line":159}},"branchMap":{"0":{"loc":{"start":{"line":66,"column":8},"end":{"line":79,"column":9}},"type":"if","locations":[{"start":{"line":66,"column":8},"end":{"line":79,"column":9}},{"start":{"line":76,"column":15},"end":{"line":79,"column":9}}],"line":66},"1":{"loc":{"start":{"line":128,"column":4},"end":{"line":128,"column":35}},"type":"if","locations":[{"start":{"line":128,"column":4},"end":{"line":128,"column":35}},{"start":{},"end":{}}],"line":128},"2":{"loc":{"start":{"line":139,"column":4},"end":{"line":139,"column":29}},"type":"if","locations":[{"start":{"line":139,"column":4},"end":{"line":139,"column":29}},{"start":{},"end":{}}],"line":139},"3":{"loc":{"start":{"line":142,"column":4},"end":{"line":142,"column":39}},"type":"if","locations":[{"start":{"line":142,"column":4},"end":{"line":142,"column":39}},{"start":{},"end":{}}],"line":142},"4":{"loc":{"start":{"line":149,"column":37},"end":{"line":149,"column":57}},"type":"binary-expr","locations":[{"start":{"line":149,"column":37},"end":{"line":149,"column":51}},{"start":{"line":149,"column":55},"end":{"line":149,"column":57}}],"line":149},"5":{"loc":{"start":{"line":172,"column":2},"end":{"line":172,"column":70}},"type":"if","locations":[{"start":{"line":172,"column":2},"end":{"line":172,"column":70}},{"start":{},"end":{}}],"line":172}},"s":{"0":1,"1":2,"2":2,"3":2,"4":2,"5":1,"6":1,"7":1,"8":0,"9":0,"10":0,"11":0,"12":1,"13":0,"14":0,"15":1,"16":1,"17":0,"18":0,"19":0,"20":0,"21":0,"22":0,"23":0,"24":0,"25":0,"26":0,"27":0,"28":0,"29":0,"30":0,"31":0,"32":0,"33":2,"34":1,"35":2,"36":1,"37":1},"f":{"0":2,"1":1,"2":1,"3":0,"4":0,"5":0,"6":0,"7":0,"8":0,"9":1},"b":{"0":[0,1],"1":[0,0],"2":[0,0],"3":[0,0],"4":[0,0],"5":[1,1]},"_coverageSchema":"1a1c01bbd47fc00a2c39e90264f33305004495a9","hash":"512d285c4441fd7e7f9c2d768de49abdb3fcbf72"}
,"/Users/Meg/SPRINGBOARD/React-Jobly/jobly-frontend/src/Homepage.js": {"path":"/Users/Meg/SPRINGBOARD/React-Jobly/jobly-frontend/src/Homepage.js","statementMap":{"0":{"start":{"line":22,"column":26},"end":{"line":22,"column":48}},"1":{"start":{"line":25,"column":16},"end":{"line":25,"column":63}},"2":{"start":{"line":27,"column":2},"end":{"line":103,"column":4}}},"fnMap":{"0":{"name":"Homepage","decl":{"start":{"line":20,"column":24},"end":{"line":20,"column":32}},"loc":{"start":{"line":20,"column":35},"end":{"line":104,"column":1}},"line":20}},"branchMap":{"0":{"loc":{"start":{"line":22,"column":26},"end":{"line":22,"column":48}},"type":"binary-expr","locations":[{"start":{"line":22,"column":26},"end":{"line":22,"column":42}},{"start":{"line":22,"column":46},"end":{"line":22,"column":48}}],"line":22},"1":{"loc":{"start":{"line":25,"column":16},"end":{"line":25,"column":63}},"type":"binary-expr","locations":[{"start":{"line":25,"column":16},"end":{"line":25,"column":38}},{"start":{"line":25,"column":42},"end":{"line":25,"column":63}}],"line":25},"2":{"loc":{"start":{"line":36,"column":11},"end":{"line":71,"column":11}},"type":"cond-expr","locations":[{"start":{"line":38,"column":12},"end":{"line":51,"column":15}},{"start":{"line":54,"column":12},"end":{"line":70,"column":15}}],"line":36},"3":{"loc":{"start":{"line":80,"column":7},"end":{"line":101,"column":7}},"type":"binary-expr","locations":[{"start":{"line":80,"column":7},"end":{"line":80,"column":18}},{"start":{"line":81,"column":8},"end":{"line":100,"column":14}}],"line":80}},"s":{"0":3,"1":3,"2":3},"f":{"0":3},"b":{"0":[3,0],"1":[3,2],"2":[1,2],"3":[3,1]},"_coverageSchema":"1a1c01bbd47fc00a2c39e90264f33305004495a9","hash":"721cb4b11ec01600a8200f6e7fdc9ac2939e4ac2"}
,"/Users/Meg/SPRINGBOARD/React-Jobly/jobly-frontend/src/NavBar.js": {"path":"/Users/Meg/SPRINGBOARD/React-Jobly/jobly-frontend/src/NavBar.js","statementMap":{"0":{"start":{"line":25,"column":26},"end":{"line":25,"column":48}},"1":{"start":{"line":28,"column":23},"end":{"line":28,"column":36}},"2":{"start":{"line":31,"column":17},"end":{"line":31,"column":33}},"3":{"start":{"line":33,"column":2},"end":{"line":73,"column":4}}},"fnMap":{"0":{"name":"NavBar","decl":{"start":{"line":23,"column":24},"end":{"line":23,"column":30}},"loc":{"start":{"line":23,"column":43},"end":{"line":74,"column":1}},"line":23}},"branchMap":{"0":{"loc":{"start":{"line":25,"column":26},"end":{"line":25,"column":48}},"type":"binary-expr","locations":[{"start":{"line":25,"column":26},"end":{"line":25,"column":42}},{"start":{"line":25,"column":46},"end":{"line":25,"column":48}}],"line":25},"1":{"loc":{"start":{"line":35,"column":27},"end":{"line":35,"column":52}},"type":"cond-expr","locations":[{"start":{"line":35,"column":37},"end":{"line":35,"column":47}},{"start":{"line":35,"column":50},"end":{"line":35,"column":52}}],"line":35},"2":{"loc":{"start":{"line":43,"column":9},"end":{"line":70,"column":9}},"type":"cond-expr","locations":[{"start":{"line":44,"column":10},"end":{"line":62,"column":13}},{"start":{"line":65,"column":10},"end":{"line":69,"column":13}}],"line":43}},"s":{"0":3,"1":3,"2":3,"3":3},"f":{"0":3},"b":{"0":[3,0],"1":[0,3],"2":[1,2]},"_coverageSchema":"1a1c01bbd47fc00a2c39e90264f33305004495a9","hash":"cf99d01f6230a26ddccaf5728741000a83c92a8f"}
,"/Users/Meg/SPRINGBOARD/React-Jobly/jobly-frontend/src/api.js": {"path":"/Users/Meg/SPRINGBOARD/React-Jobly/jobly-frontend/src/api.js","statementMap":{"0":{"start":{"line":20,"column":17},"end":{"line":20,"column":74}},"1":{"start":{"line":28,"column":17},"end":{"line":28,"column":21}},"2":{"start":{"line":41,"column":16},"end":{"line":41,"column":41}},"3":{"start":{"line":42,"column":20},"end":{"line":44,"column":10}},"4":{"start":{"line":45,"column":19},"end":{"line":45,"column":54}},"5":{"start":{"line":47,"column":4},"end":{"line":55,"column":5}},"6":{"start":{"line":48,"column":18},"end":{"line":48,"column":69}},"7":{"start":{"line":49,"column":6},"end":{"line":49,"column":22}},"8":{"start":{"line":52,"column":22},"end":{"line":52,"column":72}},"9":{"start":{"line":54,"column":6},"end":{"line":54,"column":57}},"10":{"start":{"line":67,"column":14},"end":{"line":67,"column":34}},"11":{"start":{"line":68,"column":26},"end":{"line":68,"column":60}},"12":{"start":{"line":69,"column":4},"end":{"line":69,"column":21}},"13":{"start":{"line":80,"column":24},"end":{"line":80,"column":65}},"14":{"start":{"line":81,"column":4},"end":{"line":81,"column":19}},"15":{"start":{"line":93,"column":14},"end":{"line":93,"column":36}},"16":{"start":{"line":94,"column":21},"end":{"line":94,"column":50}},"17":{"start":{"line":95,"column":4},"end":{"line":95,"column":16}},"18":{"start":{"line":107,"column":22},"end":{"line":107,"column":75}},"19":{"start":{"line":108,"column":4},"end":{"line":108,"column":17}},"20":{"start":{"line":120,"column":22},"end":{"line":120,"column":71}},"21":{"start":{"line":121,"column":4},"end":{"line":121,"column":17}},"22":{"start":{"line":132,"column":21},"end":{"line":132,"column":60}},"23":{"start":{"line":133,"column":4},"end":{"line":133,"column":16}},"24":{"start":{"line":145,"column":21},"end":{"line":145,"column":75}},"25":{"start":{"line":146,"column":4},"end":{"line":146,"column":16}},"26":{"start":{"line":157,"column":24},"end":{"line":161,"column":5}},"27":{"start":{"line":162,"column":4},"end":{"line":162,"column":19}}},"fnMap":{"0":{"name":"(anonymous_0)","decl":{"start":{"line":40,"column":2},"end":{"line":40,"column":3}},"loc":{"start":{"line":40,"column":60},"end":{"line":56,"column":3}},"line":40},"1":{"name":"(anonymous_1)","decl":{"start":{"line":66,"column":2},"end":{"line":66,"column":3}},"loc":{"start":{"line":66,"column":34},"end":{"line":70,"column":3}},"line":66},"2":{"name":"(anonymous_2)","decl":{"start":{"line":79,"column":2},"end":{"line":79,"column":3}},"loc":{"start":{"line":79,"column":34},"end":{"line":82,"column":3}},"line":79},"3":{"name":"(anonymous_3)","decl":{"start":{"line":92,"column":2},"end":{"line":92,"column":3}},"loc":{"start":{"line":92,"column":30},"end":{"line":96,"column":3}},"line":92},"4":{"name":"(anonymous_4)","decl":{"start":{"line":106,"column":2},"end":{"line":106,"column":3}},"loc":{"start":{"line":106,"column":34},"end":{"line":109,"column":3}},"line":106},"5":{"name":"(anonymous_5)","decl":{"start":{"line":119,"column":2},"end":{"line":119,"column":3}},"loc":{"start":{"line":119,"column":28},"end":{"line":122,"column":3}},"line":119},"6":{"name":"(anonymous_6)","decl":{"start":{"line":131,"column":2},"end":{"line":131,"column":3}},"loc":{"start":{"line":131,"column":40},"end":{"line":134,"column":3}},"line":131},"7":{"name":"(anonymous_7)","decl":{"start":{"line":144,"column":2},"end":{"line":144,"column":3}},"loc":{"start":{"line":144,"column":43},"end":{"line":147,"column":3}},"line":144},"8":{"name":"(anonymous_8)","decl":{"start":{"line":156,"column":2},"end":{"line":156,"column":3}},"loc":{"start":{"line":156,"column":43},"end":{"line":163,"column":3}},"line":156}},"branchMap":{"0":{"loc":{"start":{"line":20,"column":17},"end":{"line":20,"column":74}},"type":"binary-expr","locations":[{"start":{"line":20,"column":17},"end":{"line":20,"column":47}},{"start":{"line":20,"column":51},"end":{"line":20,"column":74}}],"line":20},"1":{"loc":{"start":{"line":40,"column":33},"end":{"line":40,"column":42}},"type":"default-arg","locations":[{"start":{"line":40,"column":40},"end":{"line":40,"column":42}}],"line":40},"2":{"loc":{"start":{"line":40,"column":44},"end":{"line":40,"column":58}},"type":"default-arg","locations":[{"start":{"line":40,"column":53},"end":{"line":40,"column":58}}],"line":40},"3":{"loc":{"start":{"line":42,"column":20},"end":{"line":44,"column":10}},"type":"cond-expr","locations":[{"start":{"line":43,"column":8},"end":{"line":43,"column":53}},{"start":{"line":44,"column":8},"end":{"line":44,"column":10}}],"line":42},"4":{"loc":{"start":{"line":45,"column":19},"end":{"line":45,"column":54}},"type":"cond-expr","locations":[{"start":{"line":45,"column":38},"end":{"line":45,"column":42}},{"start":{"line":45,"column":45},"end":{"line":45,"column":54}}],"line":45},"5":{"loc":{"start":{"line":52,"column":22},"end":{"line":52,"column":72}},"type":"binary-expr","locations":[{"start":{"line":52,"column":22},"end":{"line":52,"column":57}},{"start":{"line":52,"column":61},"end":{"line":52,"column":72}}],"line":52},"6":{"loc":{"start":{"line":54,"column":12},"end":{"line":54,"column":56}},"type":"cond-expr","locations":[{"start":{"line":54,"column":37},"end":{"line":54,"column":44}},{"start":{"line":54,"column":47},"end":{"line":54,"column":56}}],"line":54},"7":{"loc":{"start":{"line":67,"column":14},"end":{"line":67,"column":34}},"type":"cond-expr","locations":[{"start":{"line":67,"column":21},"end":{"line":67,"column":29}},{"start":{"line":67,"column":32},"end":{"line":67,"column":34}}],"line":67},"8":{"loc":{"start":{"line":93,"column":14},"end":{"line":93,"column":36}},"type":"cond-expr","locations":[{"start":{"line":93,"column":22},"end":{"line":93,"column":31}},{"start":{"line":93,"column":34},"end":{"line":93,"column":36}}],"line":93}},"s":{"0":0,"1":0,"2":0,"3":0,"4":0,"5":0,"6":0,"7":0,"8":0,"9":0,"10":0,"11":0,"12":0,"13":0,"14":0,"15":0,"16":0,"17":0,"18":0,"19":0,"20":0,"21":0,"22":0,"23":0,"24":0,"25":0,"26":0,"27":0},"f":{"0":0,"1":0,"2":0,"3":0,"4":0,"5":0,"6":0,"7":0,"8":0},"b":{"0":[0,0],"1":[0],"2":[0],"3":[0,0],"4":[0,0],"5":[0,0],"6":[0,0],"7":[0,0],"8":[0,0]}}
,"/Users/Meg/SPRINGBOARD/React-Jobly/jobly-frontend/src/index.js": {"path":"/Users/Meg/SPRINGBOARD/React-Jobly/jobly-frontend/src/index.js","statementMap":{"0":{"start":{"line":7,"column":13},"end":{"line":7,"column":65}},"1":{"start":{"line":8,"column":0},"end":{"line":12,"column":2}},"2":{"start":{"line":17,"column":0},"end":{"line":17,"column":18}}},"fnMap":{},"branchMap":{},"s":{"0":0,"1":0,"2":0},"f":{},"b":{}}
,"/Users/Meg/SPRINGBOARD/React-Jobly/jobly-frontend/src/auth/CurrentUserContext.js": {"path":"/Users/Meg/SPRINGBOARD/React-Jobly/jobly-frontend/src/auth/CurrentUserContext.js","statementMap":{"0":{"start":{"line":22,"column":27},"end":{"line":22,"column":46}},"1":{"start":{"line":37,"column":2},"end":{"line":37,"column":40}}},"fnMap":{"0":{"name":"useCurrentUser","decl":{"start":{"line":36,"column":16},"end":{"line":36,"column":30}},"loc":{"start":{"line":36,"column":33},"end":{"line":38,"column":1}},"line":36}},"branchMap":{},"s":{"0":6,"1":57},"f":{"0":57},"b":{},"_coverageSchema":"1a1c01bbd47fc00a2c39e90264f33305004495a9","hash":"c3f08604cc264c7e1b4cb3c57278dfc5845c36fb"}
,"/Users/Meg/SPRINGBOARD/React-Jobly/jobly-frontend/src/auth/LoginForm.js": {"path":"/Users/Meg/SPRINGBOARD/React-Jobly/jobly-frontend/src/auth/LoginForm.js","statementMap":{"0":{"start":{"line":25,"column":19},"end":{"line":25,"column":32}},"1":{"start":{"line":30,"column":34},"end":{"line":33,"column":4}},"2":{"start":{"line":34,"column":38},"end":{"line":34,"column":53}},"3":{"start":{"line":35,"column":28},"end":{"line":35,"column":42}},"4":{"start":{"line":39,"column":28},"end":{"line":39,"column":36}},"5":{"start":{"line":40,"column":4},"end":{"line":40,"column":50}},"6":{"start":{"line":40,"column":24},"end":{"line":40,"column":47}},"7":{"start":{"line":45,"column":4},"end":{"line":45,"column":23}},"8":{"start":{"line":46,"column":4},"end":{"line":46,"column":24}},"9":{"start":{"line":47,"column":4},"end":{"line":47,"column":19}},"10":{"start":{"line":48,"column":4},"end":{"line":55,"column":5}},"11":{"start":{"line":49,"column":6},"end":{"line":49,"column":28}},"12":{"start":{"line":50,"column":6},"end":{"line":50,"column":20}},"13":{"start":{"line":52,"column":6},"end":{"line":52,"column":69}},"14":{"start":{"line":54,"column":6},"end":{"line":54,"column":27}},"15":{"start":{"line":61,"column":2},"end":{"line":114,"column":4}}},"fnMap":{"0":{"name":"LoginForm","decl":{"start":{"line":24,"column":24},"end":{"line":24,"column":33}},"loc":{"start":{"line":24,"column":45},"end":{"line":115,"column":1}},"line":24},"1":{"name":"handleChange","decl":{"start":{"line":38,"column":11},"end":{"line":38,"column":23}},"loc":{"start":{"line":38,"column":27},"end":{"line":41,"column":3}},"line":38},"2":{"name":"(anonymous_2)","decl":{"start":{"line":40,"column":16},"end":{"line":40,"column":17}},"loc":{"start":{"line":40,"column":24},"end":{"line":40,"column":47}},"line":40},"3":{"name":"handleSubmit","decl":{"start":{"line":44,"column":17},"end":{"line":44,"column":29}},"loc":{"start":{"line":44,"column":33},"end":{"line":56,"column":3}},"line":44}},"branchMap":{"0":{"loc":{"start":{"line":52,"column":15},"end":{"line":52,"column":67}},"type":"cond-expr","locations":[{"start":{"line":52,"column":37},"end":{"line":52,"column":52}},{"start":{"line":52,"column":55},"end":{"line":52,"column":67}}],"line":52},"1":{"loc":{"start":{"line":102,"column":15},"end":{"line":102,"column":53}},"type":"cond-expr","locations":[{"start":{"line":102,"column":28},"end":{"line":102,"column":41}},{"start":{"line":102,"column":44},"end":{"line":102,"column":53}}],"line":102},"2":{"loc":{"start":{"line":110,"column":11},"end":{"line":110,"column":69}},"type":"binary-expr","locations":[{"start":{"line":110,"column":11},"end":{"line":110,"column":16}},{"start":{"line":110,"column":20},"end":{"line":110,"column":69}}],"line":110}},"s":{"0":38,"1":38,"2":38,"3":38,"4":31,"5":31,"6":31,"7":2,"8":2,"9":2,"10":2,"11":2,"12":1,"13":1,"14":2,"15":38},"f":{"0":38,"1":31,"2":31,"3":2},"b":{"0":[1,0],"1":[2,36],"2":[38,1]},"_coverageSchema":"1a1c01bbd47fc00a2c39e90264f33305004495a9","hash":"3a401367a860a1dd277fbe9133b319ed5b454140"}
,"/Users/Meg/SPRINGBOARD/React-Jobly/jobly-frontend/src/auth/SignupForm.js": {"path":"/Users/Meg/SPRINGBOARD/React-Jobly/jobly-frontend/src/auth/SignupForm.js","statementMap":{"0":{"start":{"line":24,"column":19},"end":{"line":24,"column":32}},"1":{"start":{"line":29,"column":34},"end":{"line":35,"column":4}},"2":{"start":{"line":36,"column":38},"end":{"line":36,"column":53}},"3":{"start":{"line":37,"column":28},"end":{"line":37,"column":42}},"4":{"start":{"line":41,"column":28},"end":{"line":41,"column":36}},"5":{"start":{"line":42,"column":4},"end":{"line":42,"column":48}},"6":{"start":{"line":42,"column":22},"end":{"line":42,"column":45}},"7":{"start":{"line":47,"column":4},"end":{"line":47,"column":23}},"8":{"start":{"line":48,"column":4},"end":{"line":48,"column":24}},"9":{"start":{"line":49,"column":4},"end":{"line":49,"column":19}},"10":{"start":{"line":51,"column":4},"end":{"line":58,"column":5}},"11":{"start":{"line":52,"column":6},"end":{"line":52,"column":29}},"12":{"start":{"line":53,"column":6},"end":{"line":53,"column":20}},"13":{"start":{"line":55,"column":6},"end":{"line":55,"column":69}},"14":{"start":{"line":57,"column":6},"end":{"line":57,"column":27}},"15":{"start":{"line":64,"column":2},"end":{"line":157,"column":4}}},"fnMap":{"0":{"name":"SignupForm","decl":{"start":{"line":23,"column":24},"end":{"line":23,"column":34}},"loc":{"start":{"line":23,"column":47},"end":{"line":158,"column":1}},"line":23},"1":{"name":"handleChange","decl":{"start":{"line":40,"column":11},"end":{"line":40,"column":23}},"loc":{"start":{"line":40,"column":27},"end":{"line":43,"column":3}},"line":40},"2":{"name":"(anonymous_2)","decl":{"start":{"line":42,"column":16},"end":{"line":42,"column":17}},"loc":{"start":{"line":42,"column":22},"end":{"line":42,"column":45}},"line":42},"3":{"name":"handleSubmit","decl":{"start":{"line":46,"column":17},"end":{"line":46,"column":29}},"loc":{"start":{"line":46,"column":33},"end":{"line":59,"column":3}},"line":46}},"branchMap":{"0":{"loc":{"start":{"line":55,"column":15},"end":{"line":55,"column":67}},"type":"cond-expr","locations":[{"start":{"line":55,"column":37},"end":{"line":55,"column":52}},{"start":{"line":55,"column":55},"end":{"line":55,"column":67}}],"line":55},"1":{"loc":{"start":{"line":145,"column":15},"end":{"line":145,"column":58}},"type":"cond-expr","locations":[{"start":{"line":145,"column":28},"end":{"line":145,"column":39}},{"start":{"line":145,"column":42},"end":{"line":145,"column":58}}],"line":145},"2":{"loc":{"start":{"line":153,"column":11},"end":{"line":153,"column":69}},"type":"binary-expr","locations":[{"start":{"line":153,"column":11},"end":{"line":153,"column":16}},{"start":{"line":153,"column":20},"end":{"line":153,"column":69}}],"line":153}},"s":{"0":87,"1":87,"2":87,"3":87,"4":80,"5":80,"6":80,"7":2,"8":2,"9":2,"10":2,"11":2,"12":1,"13":1,"14":2,"15":87},"f":{"0":87,"1":80,"2":80,"3":2},"b":{"0":[1,0],"1":[2,85],"2":[87,1]},"_coverageSchema":"1a1c01bbd47fc00a2c39e90264f33305004495a9","hash":"371ab334dbbac79a1798a0d96be27d234d552bde"}
,"/Users/Meg/SPRINGBOARD/React-Jobly/jobly-frontend/src/common/SearchForm.js": {"path":"/Users/Meg/SPRINGBOARD/React-Jobly/jobly-frontend/src/common/SearchForm.js","statementMap":{"0":{"start":{"line":25,"column":26},"end":{"line":25,"column":47}},"1":{"start":{"line":29,"column":4},"end":{"line":29,"column":23}},"2":{"start":{"line":31,"column":4},"end":{"line":31,"column":39}},"3":{"start":{"line":34,"column":2},"end":{"line":47,"column":4}},"4":{"start":{"line":39,"column":25},"end":{"line":39,"column":48}}},"fnMap":{"0":{"name":"SearchForm","decl":{"start":{"line":23,"column":24},"end":{"line":23,"column":34}},"loc":{"start":{"line":23,"column":67},"end":{"line":48,"column":1}},"line":23},"1":{"name":"handleSubmit","decl":{"start":{"line":28,"column":11},"end":{"line":28,"column":23}},"loc":{"start":{"line":28,"column":27},"end":{"line":32,"column":3}},"line":28},"2":{"name":"(anonymous_2)","decl":{"start":{"line":39,"column":18},"end":{"line":39,"column":19}},"loc":{"start":{"line":39,"column":25},"end":{"line":39,"column":48}},"line":39}},"branchMap":{"0":{"loc":{"start":{"line":23,"column":37},"end":{"line":23,"column":53}},"type":"default-arg","locations":[{"start":{"line":23,"column":51},"end":{"line":23,"column":53}}],"line":23},"1":{"loc":{"start":{"line":31,"column":13},"end":{"line":31,"column":37}},"type":"binary-expr","locations":[{"start":{"line":31,"column":13},"end":{"line":31,"column":24}},{"start":{"line":31,"column":28},"end":{"line":31,"column":37}}],"line":31}},"s":{"0":12,"1":0,"2":0,"3":12,"4":0},"f":{"0":12,"1":0,"2":0},"b":{"0":[6],"1":[0,0]},"_coverageSchema":"1a1c01bbd47fc00a2c39e90264f33305004495a9","hash":"4933ece9c373a9eeb7d314279992c32c2b555818"}
,"/Users/Meg/SPRINGBOARD/React-Jobly/jobly-frontend/src/companies/CompanyCard.js": {"path":"/Users/Meg/SPRINGBOARD/React-Jobly/jobly-frontend/src/companies/CompanyCard.js","statementMap":{"0":{"start":{"line":24,"column":63},"end":{"line":24,"column":70}},"1":{"start":{"line":26,"column":2},"end":{"line":53,"column":4}}},"fnMap":{"0":{"name":"CompanyCard","decl":{"start":{"line":22,"column":24},"end":{"line":22,"column":35}},"loc":{"start":{"line":22,"column":49},"end":{"line":54,"column":1}},"line":22}},"branchMap":{"0":{"loc":{"start":{"line":34,"column":7},"end":{"line":38,"column":7}},"type":"cond-expr","locations":[{"start":{"line":35,"column":8},"end":{"line":35,"column":67}},{"start":{"line":37,"column":8},"end":{"line":37,"column":44}}],"line":34},"1":{"loc":{"start":{"line":48,"column":9},"end":{"line":50,"column":32}},"type":"cond-expr","locations":[{"start":{"line":49,"column":12},"end":{"line":49,"column":56}},{"start":{"line":50,"column":12},"end":{"line":50,"column":32}}],"line":48}},"s":{"0":2,"1":2},"f":{"0":2},"b":{"0":[0,2],"1":[0,2]},"_coverageSchema":"1a1c01bbd47fc00a2c39e90264f33305004495a9","hash":"26aa4c6da7071bcfd7d846e823a06941b3bf070e"}
,"/Users/Meg/SPRINGBOARD/React-Jobly/jobly-frontend/src/companies/CompanyDetail.js": {"path":"/Users/Meg/SPRINGBOARD/React-Jobly/jobly-frontend/src/companies/CompanyDetail.js","statementMap":{"0":{"start":{"line":27,"column":21},"end":{"line":27,"column":32}},"1":{"start":{"line":32,"column":32},"end":{"line":32,"column":46}},"2":{"start":{"line":33,"column":28},"end":{"line":33,"column":42}},"3":{"start":{"line":34,"column":34},"end":{"line":34,"column":48}},"4":{"start":{"line":39,"column":2},"end":{"line":55,"column":15}},"5":{"start":{"line":41,"column":6},"end":{"line":52,"column":7}},"6":{"start":{"line":42,"column":8},"end":{"line":42,"column":25}},"7":{"start":{"line":43,"column":8},"end":{"line":43,"column":23}},"8":{"start":{"line":46,"column":21},"end":{"line":46,"column":54}},"9":{"start":{"line":47,"column":8},"end":{"line":47,"column":25}},"10":{"start":{"line":49,"column":8},"end":{"line":49,"column":71}},"11":{"start":{"line":51,"column":8},"end":{"line":51,"column":26}},"12":{"start":{"line":54,"column":4},"end":{"line":54,"column":11}},"13":{"start":{"line":60,"column":2},"end":{"line":60,"column":68}},"14":{"start":{"line":60,"column":17},"end":{"line":60,"column":68}},"15":{"start":{"line":61,"column":2},"end":{"line":61,"column":88}},"16":{"start":{"line":61,"column":13},"end":{"line":61,"column":88}},"17":{"start":{"line":62,"column":2},"end":{"line":62,"column":77}},"18":{"start":{"line":62,"column":16},"end":{"line":62,"column":77}},"19":{"start":{"line":67,"column":2},"end":{"line":85,"column":4}},"20":{"start":{"line":78,"column":12},"end":{"line":78,"column":42}}},"fnMap":{"0":{"name":"CompanyDetail","decl":{"start":{"line":25,"column":24},"end":{"line":25,"column":37}},"loc":{"start":{"line":25,"column":40},"end":{"line":86,"column":1}},"line":25},"1":{"name":"(anonymous_1)","decl":{"start":{"line":39,"column":12},"end":{"line":39,"column":13}},"loc":{"start":{"line":39,"column":18},"end":{"line":55,"column":3}},"line":39},"2":{"name":"load","decl":{"start":{"line":40,"column":19},"end":{"line":40,"column":23}},"loc":{"start":{"line":40,"column":26},"end":{"line":53,"column":5}},"line":40},"3":{"name":"(anonymous_3)","decl":{"start":{"line":77,"column":28},"end":{"line":77,"column":29}},"loc":{"start":{"line":78,"column":12},"end":{"line":78,"column":42}},"line":78}},"branchMap":{"0":{"loc":{"start":{"line":49,"column":17},"end":{"line":49,"column":69}},"type":"cond-expr","locations":[{"start":{"line":49,"column":39},"end":{"line":49,"column":54}},{"start":{"line":49,"column":57},"end":{"line":49,"column":69}}],"line":49},"1":{"loc":{"start":{"line":60,"column":2},"end":{"line":60,"column":68}},"type":"if","locations":[{"start":{"line":60,"column":2},"end":{"line":60,"column":68}},{"start":{},"end":{}}],"line":60},"2":{"loc":{"start":{"line":61,"column":2},"end":{"line":61,"column":88}},"type":"if","locations":[{"start":{"line":61,"column":2},"end":{"line":61,"column":88}},{"start":{},"end":{}}],"line":61},"3":{"loc":{"start":{"line":62,"column":2},"end":{"line":62,"column":77}},"type":"if","locations":[{"start":{"line":62,"column":2},"end":{"line":62,"column":77}},{"start":{},"end":{}}],"line":62},"4":{"loc":{"start":{"line":75,"column":7},"end":{"line":83,"column":7}},"type":"cond-expr","locations":[{"start":{"line":76,"column":8},"end":{"line":80,"column":14}},{"start":{"line":82,"column":8},"end":{"line":82,"column":43}}],"line":75}},"s":{"0":0,"1":0,"2":0,"3":0,"4":0,"5":0,"6":0,"7":0,"8":0,"9":0,"10":0,"11":0,"12":0,"13":0,"14":0,"15":0,"16":0,"17":0,"18":0,"19":0,"20":0},"f":{"0":0,"1":0,"2":0,"3":0},"b":{"0":[0,0],"1":[0,0],"2":[0,0],"3":[0,0],"4":[0,0]},"_coverageSchema":"1a1c01bbd47fc00a2c39e90264f33305004495a9","hash":"909badcd23246c01dffa2d40d5d1b57a35c5574d"}
,"/Users/Meg/SPRINGBOARD/React-Jobly/jobly-frontend/src/companies/CompanyList.js": {"path":"/Users/Meg/SPRINGBOARD/React-Jobly/jobly-frontend/src/companies/CompanyList.js","statementMap":{"0":{"start":{"line":29,"column":36},"end":{"line":29,"column":50}},"1":{"start":{"line":30,"column":28},"end":{"line":30,"column":42}},"2":{"start":{"line":31,"column":34},"end":{"line":31,"column":48}},"3":{"start":{"line":36,"column":2},"end":{"line":39,"column":9}},"4":{"start":{"line":37,"column":4},"end":{"line":37,"column":19}},"5":{"start":{"line":47,"column":4},"end":{"line":59,"column":5}},"6":{"start":{"line":48,"column":6},"end":{"line":48,"column":23}},"7":{"start":{"line":49,"column":6},"end":{"line":49,"column":21}},"8":{"start":{"line":52,"column":18},"end":{"line":52,"column":51}},"9":{"start":{"line":53,"column":6},"end":{"line":53,"column":24}},"10":{"start":{"line":56,"column":6},"end":{"line":56,"column":69}},"11":{"start":{"line":58,"column":6},"end":{"line":58,"column":24}},"12":{"start":{"line":65,"column":2},"end":{"line":93,"column":4}},"13":{"start":{"line":88,"column":12},"end":{"line":88,"column":54}}},"fnMap":{"0":{"name":"CompanyList","decl":{"start":{"line":25,"column":24},"end":{"line":25,"column":35}},"loc":{"start":{"line":25,"column":38},"end":{"line":94,"column":1}},"line":25},"1":{"name":"(anonymous_1)","decl":{"start":{"line":36,"column":12},"end":{"line":36,"column":13}},"loc":{"start":{"line":36,"column":18},"end":{"line":39,"column":3}},"line":36},"2":{"name":"handleSearch","decl":{"start":{"line":46,"column":17},"end":{"line":46,"column":29}},"loc":{"start":{"line":46,"column":36},"end":{"line":60,"column":3}},"line":46},"3":{"name":"(anonymous_3)","decl":{"start":{"line":87,"column":25},"end":{"line":87,"column":26}},"loc":{"start":{"line":88,"column":12},"end":{"line":88,"column":54}},"line":88}},"branchMap":{"0":{"loc":{"start":{"line":56,"column":15},"end":{"line":56,"column":67}},"type":"cond-expr","locations":[{"start":{"line":56,"column":37},"end":{"line":56,"column":52}},{"start":{"line":56,"column":55},"end":{"line":56,"column":67}}],"line":56},"1":{"loc":{"start":{"line":77,"column":7},"end":{"line":77,"column":39}},"type":"binary-expr","locations":[{"start":{"line":77,"column":7},"end":{"line":77,"column":16}},{"start":{"line":77,"column":20},"end":{"line":77,"column":39}}],"line":77},"2":{"loc":{"start":{"line":78,"column":7},"end":{"line":78,"column":65}},"type":"binary-expr","locations":[{"start":{"line":78,"column":7},"end":{"line":78,"column":12}},{"start":{"line":78,"column":16},"end":{"line":78,"column":65}}],"line":78},"3":{"loc":{"start":{"line":80,"column":7},"end":{"line":82,"column":7}},"type":"binary-expr","locations":[{"start":{"line":80,"column":7},"end":{"line":80,"column":17}},{"start":{"line":80,"column":21},"end":{"line":80,"column":27}},{"start":{"line":80,"column":31},"end":{"line":80,"column":54}},{"start":{"line":81,"column":8},"end":{"line":81,"column":38}}],"line":80},"4":{"loc":{"start":{"line":85,"column":7},"end":{"line":91,"column":7}},"type":"binary-expr","locations":[{"start":{"line":85,"column":7},"end":{"line":85,"column":17}},{"start":{"line":85,"column":21},"end":{"line":85,"column":27}},{"start":{"line":85,"column":31},"end":{"line":85,"column":52}},{"start":{"line":86,"column":8},"end":{"line":90,"column":14}}],"line":85}},"s":{"0":6,"1":6,"2":6,"3":6,"4":3,"5":3,"6":3,"7":3,"8":3,"9":2,"10":1,"11":3,"12":6,"13":2},"f":{"0":6,"1":3,"2":3,"3":2},"b":{"0":[1,0],"1":[6,3],"2":[6,1],"3":[6,3,2,1],"4":[6,3,2,1]},"_coverageSchema":"1a1c01bbd47fc00a2c39e90264f33305004495a9","hash":"d8784195e26674c056a831c6e498b5acd28b7b81"}
,"/Users/Meg/SPRINGBOARD/React-Jobly/jobly-frontend/src/hooks/useLocalStorage.js": {"path":"/Users/Meg/SPRINGBOARD/React-Jobly/jobly-frontend/src/hooks/useLocalStorage.js","statementMap":{"0":{"start":{"line":30,"column":28},"end":{"line":33,"column":4}},"1":{"start":{"line":31,"column":17},"end":{"line":31,"column":49}},"2":{"start":{"line":32,"column":4},"end":{"line":32,"column":50}},"3":{"start":{"line":40,"column":2},"end":{"line":46,"column":19}},"4":{"start":{"line":41,"column":4},"end":{"line":45,"column":5}},"5":{"start":{"line":42,"column":6},"end":{"line":42,"column":42}},"6":{"start":{"line":44,"column":6},"end":{"line":44,"column":62}},"7":{"start":{"line":49,"column":2},"end":{"line":49,"column":27}}},"fnMap":{"0":{"name":"useLocalStorage","decl":{"start":{"line":24,"column":24},"end":{"line":24,"column":39}},"loc":{"start":{"line":24,"column":66},"end":{"line":50,"column":1}},"line":24},"1":{"name":"(anonymous_1)","decl":{"start":{"line":30,"column":37},"end":{"line":30,"column":38}},"loc":{"start":{"line":30,"column":43},"end":{"line":33,"column":3}},"line":30},"2":{"name":"(anonymous_2)","decl":{"start":{"line":40,"column":12},"end":{"line":40,"column":13}},"loc":{"start":{"line":40,"column":18},"end":{"line":46,"column":3}},"line":40}},"branchMap":{"0":{"loc":{"start":{"line":24,"column":45},"end":{"line":24,"column":64}},"type":"default-arg","locations":[{"start":{"line":24,"column":60},"end":{"line":24,"column":64}}],"line":24},"1":{"loc":{"start":{"line":32,"column":11},"end":{"line":32,"column":49}},"type":"cond-expr","locations":[{"start":{"line":32,"column":18},"end":{"line":32,"column":34}},{"start":{"line":32,"column":37},"end":{"line":32,"column":49}}],"line":32},"2":{"loc":{"start":{"line":41,"column":4},"end":{"line":45,"column":5}},"type":"if","locations":[{"start":{"line":41,"column":4},"end":{"line":45,"column":5}},{"start":{"line":43,"column":11},"end":{"line":45,"column":5}}],"line":41},"3":{"loc":{"start":{"line":41,"column":8},"end":{"line":41,"column":45}},"type":"binary-expr","locations":[{"start":{"line":41,"column":8},"end":{"line":41,"column":22}},{"start":{"line":41,"column":26},"end":{"line":41,"column":45}}],"line":41}},"s":{"0":2,"1":1,"2":1,"3":2,"4":1,"5":1,"6":0,"7":2},"f":{"0":2,"1":1,"2":1},"b":{"0":[0],"1":[0,1],"2":[1,0],"3":[1,0]},"_coverageSchema":"1a1c01bbd47fc00a2c39e90264f33305004495a9","hash":"293f7e124128def8df6dd3fa4b8382c7d020afd4"}
,"/Users/Meg/SPRINGBOARD/React-Jobly/jobly-frontend/src/jobs/JobCard.js": {"path":"/Users/Meg/SPRINGBOARD/React-Jobly/jobly-frontend/src/jobs/JobCard.js","statementMap":{"0":{"start":{"line":26,"column":55},"end":{"line":26,"column":77}},"1":{"start":{"line":29,"column":53},"end":{"line":29,"column":56}},"2":{"start":{"line":32,"column":40},"end":{"line":32,"column":55}},"3":{"start":{"line":35,"column":18},"end":{"line":35,"column":63}},"4":{"start":{"line":39,"column":4},"end":{"line":39,"column":30}},"5":{"start":{"line":39,"column":19},"end":{"line":39,"column":30}},"6":{"start":{"line":40,"column":4},"end":{"line":40,"column":44}},"7":{"start":{"line":45,"column":4},"end":{"line":50,"column":5}},"8":{"start":{"line":46,"column":6},"end":{"line":46,"column":26}},"9":{"start":{"line":47,"column":6},"end":{"line":47,"column":27}},"10":{"start":{"line":49,"column":6},"end":{"line":49,"column":27}},"11":{"start":{"line":56,"column":2},"end":{"line":85,"column":4}}},"fnMap":{"0":{"name":"JobCard","decl":{"start":{"line":24,"column":24},"end":{"line":24,"column":31}},"loc":{"start":{"line":24,"column":62},"end":{"line":86,"column":1}},"line":24},"1":{"name":"formatSalary","decl":{"start":{"line":38,"column":11},"end":{"line":38,"column":23}},"loc":{"start":{"line":38,"column":27},"end":{"line":41,"column":3}},"line":38},"2":{"name":"handleApply","decl":{"start":{"line":44,"column":17},"end":{"line":44,"column":28}},"loc":{"start":{"line":44,"column":31},"end":{"line":51,"column":3}},"line":44}},"branchMap":{"0":{"loc":{"start":{"line":24,"column":39},"end":{"line":24,"column":58}},"type":"default-arg","locations":[{"start":{"line":24,"column":53},"end":{"line":24,"column":58}}],"line":24},"1":{"loc":{"start":{"line":26,"column":55},"end":{"line":26,"column":77}},"type":"binary-expr","locations":[{"start":{"line":26,"column":55},"end":{"line":26,"column":71}},{"start":{"line":26,"column":75},"end":{"line":26,"column":77}}],"line":26},"2":{"loc":{"start":{"line":35,"column":18},"end":{"line":35,"column":63}},"type":"cond-expr","locations":[{"start":{"line":35,"column":36},"end":{"line":35,"column":55}},{"start":{"line":35,"column":58},"end":{"line":35,"column":63}}],"line":35},"3":{"loc":{"start":{"line":39,"column":4},"end":{"line":39,"column":30}},"type":"if","locations":[{"start":{"line":39,"column":4},"end":{"line":39,"column":30}},{"start":{},"end":{}}],"line":39},"4":{"loc":{"start":{"line":60,"column":7},"end":{"line":60,"column":79}},"type":"binary-expr","locations":[{"start":{"line":60,"column":7},"end":{"line":60,"column":18}},{"start":{"line":60,"column":22},"end":{"line":60,"column":33}},{"start":{"line":60,"column":37},"end":{"line":60,"column":79}}],"line":60},"5":{"loc":{"start":{"line":64,"column":38},"end":{"line":64,"column":51}},"type":"binary-expr","locations":[{"start":{"line":64,"column":38},"end":{"line":64,"column":44}},{"start":{"line":64,"column":48},"end":{"line":64,"column":51}}],"line":64},"6":{"loc":{"start":{"line":67,"column":7},"end":{"line":83,"column":7}},"type":"binary-expr","locations":[{"start":{"line":67,"column":7},"end":{"line":67,"column":18}},{"start":{"line":68,"column":8},"end":{"line":82,"column":14}}],"line":67},"7":{"loc":{"start":{"line":69,"column":11},"end":{"line":81,"column":11}},"type":"cond-expr","locations":[{"start":{"line":71,"column":12},"end":{"line":71,"column":54}},{"start":{"line":74,"column":12},"end":{"line":80,"column":21}}],"line":69},"8":{"loc":{"start":{"line":79,"column":15},"end":{"line":79,"column":51}},"type":"cond-expr","locations":[{"start":{"line":79,"column":30},"end":{"line":79,"column":41}},{"start":{"line":79,"column":44},"end":{"line":79,"column":51}}],"line":79}},"s":{"0":7,"1":7,"2":7,"3":7,"4":7,"5":0,"6":7,"7":1,"8":1,"9":1,"10":1,"11":7},"f":{"0":7,"1":7,"2":1},"b":{"0":[0],"1":[7,2],"2":[4,3],"3":[0,7],"4":[7,7,7],"5":[7,2],"6":[7,4],"7":[1,3],"8":[1,2]},"_coverageSchema":"1a1c01bbd47fc00a2c39e90264f33305004495a9","hash":"9d2c7c9200168decd0fa2743a246054b1c9a3a24"}
,"/Users/Meg/SPRINGBOARD/React-Jobly/jobly-frontend/src/jobs/JobList.js": {"path":"/Users/Meg/SPRINGBOARD/React-Jobly/jobly-frontend/src/jobs/JobList.js","statementMap":{"0":{"start":{"line":29,"column":26},"end":{"line":29,"column":40}},"1":{"start":{"line":30,"column":28},"end":{"line":30,"column":42}},"2":{"start":{"line":31,"column":34},"end":{"line":31,"column":48}},"3":{"start":{"line":36,"column":2},"end":{"line":39,"column":9}},"4":{"start":{"line":37,"column":4},"end":{"line":37,"column":19}},"5":{"start":{"line":48,"column":4},"end":{"line":58,"column":5}},"6":{"start":{"line":49,"column":6},"end":{"line":49,"column":23}},"7":{"start":{"line":50,"column":6},"end":{"line":50,"column":21}},"8":{"start":{"line":52,"column":18},"end":{"line":52,"column":46}},"9":{"start":{"line":53,"column":6},"end":{"line":53,"column":19}},"10":{"start":{"line":55,"column":6},"end":{"line":55,"column":69}},"11":{"start":{"line":57,"column":6},"end":{"line":57,"column":24}},"12":{"start":{"line":64,"column":2},"end":{"line":92,"column":4}},"13":{"start":{"line":87,"column":12},"end":{"line":87,"column":54}}},"fnMap":{"0":{"name":"JobList","decl":{"start":{"line":25,"column":24},"end":{"line":25,"column":31}},"loc":{"start":{"line":25,"column":34},"end":{"line":93,"column":1}},"line":25},"1":{"name":"(anonymous_1)","decl":{"start":{"line":36,"column":12},"end":{"line":36,"column":13}},"loc":{"start":{"line":36,"column":18},"end":{"line":39,"column":3}},"line":36},"2":{"name":"handleSearch","decl":{"start":{"line":47,"column":17},"end":{"line":47,"column":29}},"loc":{"start":{"line":47,"column":36},"end":{"line":59,"column":3}},"line":47},"3":{"name":"(anonymous_3)","decl":{"start":{"line":86,"column":20},"end":{"line":86,"column":21}},"loc":{"start":{"line":87,"column":12},"end":{"line":87,"column":54}},"line":87}},"branchMap":{"0":{"loc":{"start":{"line":55,"column":15},"end":{"line":55,"column":67}},"type":"cond-expr","locations":[{"start":{"line":55,"column":37},"end":{"line":55,"column":52}},{"start":{"line":55,"column":55},"end":{"line":55,"column":67}}],"line":55},"1":{"loc":{"start":{"line":76,"column":7},"end":{"line":76,"column":39}},"type":"binary-expr","locations":[{"start":{"line":76,"column":7},"end":{"line":76,"column":16}},{"start":{"line":76,"column":20},"end":{"line":76,"column":39}}],"line":76},"2":{"loc":{"start":{"line":77,"column":7},"end":{"line":77,"column":65}},"type":"binary-expr","locations":[{"start":{"line":77,"column":7},"end":{"line":77,"column":12}},{"start":{"line":77,"column":16},"end":{"line":77,"column":65}}],"line":77},"3":{"loc":{"start":{"line":79,"column":7},"end":{"line":81,"column":7}},"type":"binary-expr","locations":[{"start":{"line":79,"column":7},"end":{"line":79,"column":17}},{"start":{"line":79,"column":21},"end":{"line":79,"column":27}},{"start":{"line":79,"column":31},"end":{"line":79,"column":49}},{"start":{"line":80,"column":8},"end":{"line":80,"column":33}}],"line":79},"4":{"loc":{"start":{"line":84,"column":7},"end":{"line":90,"column":7}},"type":"binary-expr","locations":[{"start":{"line":84,"column":7},"end":{"line":84,"column":17}},{"start":{"line":84,"column":21},"end":{"line":84,"column":27}},{"start":{"line":84,"column":31},"end":{"line":84,"column":47}},{"start":{"line":85,"column":8},"end":{"line":89,"column":14}}],"line":84}},"s":{"0":6,"1":6,"2":6,"3":6,"4":3,"5":3,"6":3,"7":3,"8":3,"9":2,"10":1,"11":3,"12":6,"13":2},"f":{"0":6,"1":3,"2":3,"3":2},"b":{"0":[1,0],"1":[6,3],"2":[6,1],"3":[6,3,2,1],"4":[6,3,2,1]},"_coverageSchema":"1a1c01bbd47fc00a2c39e90264f33305004495a9","hash":"60ac86ba4d537394338d5593b229d1e08be09d26"}
,"/Users/Meg/SPRINGBOARD/React-Jobly/jobly-frontend/src/profile/ProfileForm.js": {"path":"/Users/Meg/SPRINGBOARD/React-Jobly/jobly-frontend/src/profile/ProfileForm.js","statementMap":{"0":{"start":{"line":22,"column":42},"end":{"line":22,"column":64}},"1":{"start":{"line":25,"column":34},"end":{"line":30,"column":4}},"2":{"start":{"line":33,"column":30},"end":{"line":33,"column":45}},"3":{"start":{"line":34,"column":30},"end":{"line":34,"column":44}},"4":{"start":{"line":35,"column":28},"end":{"line":35,"column":42}},"5":{"start":{"line":41,"column":2},"end":{"line":51,"column":20}},"6":{"start":{"line":42,"column":4},"end":{"line":50,"column":5}},"7":{"start":{"line":43,"column":6},"end":{"line":49,"column":10}},"8":{"start":{"line":43,"column":24},"end":{"line":49,"column":7}},"9":{"start":{"line":54,"column":2},"end":{"line":54,"column":69}},"10":{"start":{"line":54,"column":20},"end":{"line":54,"column":69}},"11":{"start":{"line":58,"column":28},"end":{"line":58,"column":36}},"12":{"start":{"line":59,"column":4},"end":{"line":59,"column":48}},"13":{"start":{"line":59,"column":22},"end":{"line":59,"column":45}},"14":{"start":{"line":64,"column":4},"end":{"line":64,"column":23}},"15":{"start":{"line":65,"column":4},"end":{"line":65,"column":20}},"16":{"start":{"line":66,"column":4},"end":{"line":66,"column":20}},"17":{"start":{"line":67,"column":4},"end":{"line":67,"column":19}},"18":{"start":{"line":70,"column":19},"end":{"line":75,"column":5}},"19":{"start":{"line":77,"column":4},"end":{"line":90,"column":5}},"20":{"start":{"line":79,"column":22},"end":{"line":79,"column":78}},"21":{"start":{"line":80,"column":6},"end":{"line":80,"column":30}},"22":{"start":{"line":81,"column":6},"end":{"line":81,"column":27}},"23":{"start":{"line":84,"column":6},"end":{"line":84,"column":49}},"24":{"start":{"line":84,"column":24},"end":{"line":84,"column":46}},"25":{"start":{"line":86,"column":6},"end":{"line":86,"column":25}},"26":{"start":{"line":87,"column":6},"end":{"line":87,"column":69}},"27":{"start":{"line":89,"column":6},"end":{"line":89,"column":23}},"28":{"start":{"line":93,"column":2},"end":{"line":188,"column":4}},"29":{"start":{"line":162,"column":16},"end":{"line":168,"column":19}},"30":{"start":{"line":162,"column":34},"end":{"line":168,"column":17}}},"fnMap":{"0":{"name":"ProfileForm","decl":{"start":{"line":20,"column":24},"end":{"line":20,"column":35}},"loc":{"start":{"line":20,"column":38},"end":{"line":189,"column":1}},"line":20},"1":{"name":"(anonymous_1)","decl":{"start":{"line":41,"column":12},"end":{"line":41,"column":13}},"loc":{"start":{"line":41,"column":18},"end":{"line":51,"column":3}},"line":41},"2":{"name":"(anonymous_2)","decl":{"start":{"line":43,"column":18},"end":{"line":43,"column":19}},"loc":{"start":{"line":43,"column":24},"end":{"line":49,"column":7}},"line":43},"3":{"name":"handleChange","decl":{"start":{"line":57,"column":11},"end":{"line":57,"column":23}},"loc":{"start":{"line":57,"column":27},"end":{"line":60,"column":3}},"line":57},"4":{"name":"(anonymous_4)","decl":{"start":{"line":59,"column":16},"end":{"line":59,"column":17}},"loc":{"start":{"line":59,"column":22},"end":{"line":59,"column":45}},"line":59},"5":{"name":"handleSubmit","decl":{"start":{"line":63,"column":17},"end":{"line":63,"column":29}},"loc":{"start":{"line":63,"column":33},"end":{"line":91,"column":3}},"line":63},"6":{"name":"(anonymous_6)","decl":{"start":{"line":84,"column":18},"end":{"line":84,"column":19}},"loc":{"start":{"line":84,"column":24},"end":{"line":84,"column":46}},"line":84},"7":{"name":"(anonymous_7)","decl":{"start":{"line":161,"column":23},"end":{"line":161,"column":24}},"loc":{"start":{"line":162,"column":16},"end":{"line":168,"column":19}},"line":162},"8":{"name":"(anonymous_8)","decl":{"start":{"line":162,"column":28},"end":{"line":162,"column":29}},"loc":{"start":{"line":162,"column":34},"end":{"line":168,"column":17}},"line":162}},"branchMap":{"0":{"loc":{"start":{"line":22,"column":42},"end":{"line":22,"column":64}},"type":"binary-expr","locations":[{"start":{"line":22,"column":42},"end":{"line":22,"column":58}},{"start":{"line":22,"column":62},"end":{"line":22,"column":64}}],"line":22},"1":{"loc":{"start":{"line":42,"column":4},"end":{"line":50,"column":5}},"type":"if","locations":[{"start":{"line":42,"column":4},"end":{"line":50,"column":5}},{"start":{},"end":{}}],"line":42},"2":{"loc":{"start":{"line":45,"column":19},"end":{"line":45,"column":46}},"type":"binary-expr","locations":[{"start":{"line":45,"column":19},"end":{"line":45,"column":40}},{"start":{"line":45,"column":44},"end":{"line":45,"column":46}}],"line":45},"3":{"loc":{"start":{"line":46,"column":18},"end":{"line":46,"column":44}},"type":"binary-expr","locations":[{"start":{"line":46,"column":18},"end":{"line":46,"column":38}},{"start":{"line":46,"column":42},"end":{"line":46,"column":44}}],"line":46},"4":{"loc":{"start":{"line":47,"column":15},"end":{"line":47,"column":38}},"type":"binary-expr","locations":[{"start":{"line":47,"column":15},"end":{"line":47,"column":32}},{"start":{"line":47,"column":36},"end":{"line":47,"column":38}}],"line":47},"5":{"loc":{"start":{"line":54,"column":2},"end":{"line":54,"column":69}},"type":"if","locations":[{"start":{"line":54,"column":2},"end":{"line":54,"column":69}},{"start":{},"end":{}}],"line":54},"6":{"loc":{"start":{"line":87,"column":15},"end":{"line":87,"column":67}},"type":"cond-expr","locations":[{"start":{"line":87,"column":37},"end":{"line":87,"column":52}},{"start":{"line":87,"column":55},"end":{"line":87,"column":67}}],"line":87},"7":{"loc":{"start":{"line":155,"column":15},"end":{"line":155,"column":50}},"type":"cond-expr","locations":[{"start":{"line":155,"column":24},"end":{"line":155,"column":33}},{"start":{"line":155,"column":36},"end":{"line":155,"column":50}}],"line":155},"8":{"loc":{"start":{"line":164,"column":29},"end":{"line":164,"column":56}},"type":"binary-expr","locations":[{"start":{"line":164,"column":29},"end":{"line":164,"column":50}},{"start":{"line":164,"column":54},"end":{"line":164,"column":56}}],"line":164},"9":{"loc":{"start":{"line":165,"column":28},"end":{"line":165,"column":54}},"type":"binary-expr","locations":[{"start":{"line":165,"column":28},"end":{"line":165,"column":48}},{"start":{"line":165,"column":52},"end":{"line":165,"column":54}}],"line":165},"10":{"loc":{"start":{"line":166,"column":25},"end":{"line":166,"column":48}},"type":"binary-expr","locations":[{"start":{"line":166,"column":25},"end":{"line":166,"column":42}},{"start":{"line":166,"column":46},"end":{"line":166,"column":48}}],"line":166},"11":{"loc":{"start":{"line":177,"column":11},"end":{"line":179,"column":11}},"type":"binary-expr","locations":[{"start":{"line":177,"column":11},"end":{"line":177,"column":31}},{"start":{"line":178,"column":12},"end":{"line":178,"column":65}}],"line":177},"12":{"loc":{"start":{"line":180,"column":11},"end":{"line":184,"column":11}},"type":"binary-expr","locations":[{"start":{"line":180,"column":11},"end":{"line":180,"column":29}},{"start":{"line":181,"column":12},"end":{"line":183,"column":18}}],"line":180},"13":{"loc":{"start":{"line":182,"column":22},"end":{"line":182,"column":56}},"type":"binary-expr","locations":[{"start":{"line":182,"column":22},"end":{"line":182,"column":27}},{"start":{"line":182,"column":31},"end":{"line":182,"column":56}}],"line":182}},"s":{"0":38,"1":38,"2":38,"3":38,"4":38,"5":38,"6":3,"7":3,"8":3,"9":38,"10":0,"11":28,"12":28,"13":28,"14":2,"15":2,"16":2,"17":2,"18":2,"19":2,"20":2,"21":1,"22":1,"23":1,"24":1,"25":1,"26":1,"27":2,"28":38,"29":0,"30":0},"f":{"0":38,"1":3,"2":3,"3":28,"4":28,"5":2,"6":1,"7":0,"8":0},"b":{"0":[38,0],"1":[3,0],"2":[3,0],"3":[3,0],"4":[3,0],"5":[0,38],"6":[1,0],"7":[2,36],"8":[0,0],"9":[0,0],"10":[0,0],"11":[38,1],"12":[38,1],"13":[1,0]},"_coverageSchema":"1a1c01bbd47fc00a2c39e90264f33305004495a9","hash":"56c5a3fdfb8c077910ad6b34421b449a62c91b2e"}
,"/Users/Meg/SPRINGBOARD/React-Jobly/jobly-frontend/src/routes/Guards.js": {"path":"/Users/Meg/SPRINGBOARD/React-Jobly/jobly-frontend/src/routes/Guards.js","statementMap":{"0":{"start":{"line":36,"column":26},"end":{"line":36,"column":48}},"1":{"start":{"line":37,"column":2},"end":{"line":37,"column":67}},"2":{"start":{"line":47,"column":26},"end":{"line":47,"column":48}},"3":{"start":{"line":48,"column":2},"end":{"line":48,"column":63}}},"fnMap":{"0":{"name":"PrivateRoute","decl":{"start":{"line":35,"column":16},"end":{"line":35,"column":28}},"loc":{"start":{"line":35,"column":43},"end":{"line":38,"column":1}},"line":35},"1":{"name":"AnonRoute","decl":{"start":{"line":46,"column":16},"end":{"line":46,"column":25}},"loc":{"start":{"line":46,"column":40},"end":{"line":49,"column":1}},"line":46}},"branchMap":{"0":{"loc":{"start":{"line":36,"column":26},"end":{"line":36,"column":48}},"type":"binary-expr","locations":[{"start":{"line":36,"column":26},"end":{"line":36,"column":42}},{"start":{"line":36,"column":46},"end":{"line":36,"column":48}}],"line":36},"1":{"loc":{"start":{"line":37,"column":9},"end":{"line":37,"column":66}},"type":"cond-expr","locations":[{"start":{"line":37,"column":23},"end":{"line":37,"column":31}},{"start":{"line":37,"column":34},"end":{"line":37,"column":66}}],"line":37},"2":{"loc":{"start":{"line":47,"column":26},"end":{"line":47,"column":48}},"type":"binary-expr","locations":[{"start":{"line":47,"column":26},"end":{"line":47,"column":42}},{"start":{"line":47,"column":46},"end":{"line":47,"column":48}}],"line":47},"3":{"loc":{"start":{"line":48,"column":9},"end":{"line":48,"column":62}},"type":"cond-expr","locations":[{"start":{"line":48,"column":24},"end":{"line":48,"column":32}},{"start":{"line":48,"column":35},"end":{"line":48,"column":62}}],"line":48}},"s":{"0":4,"1":4,"2":2,"3":2},"f":{"0":4,"1":2},"b":{"0":[4,0],"1":[0,4],"2":[2,0],"3":[2,0]},"_coverageSchema":"1a1c01bbd47fc00a2c39e90264f33305004495a9","hash":"85296def73f106440f8df1952d722a74f3ffe920"}
}
