TN:
SF:src/App.js
FN:44,App
FN:62,(anonymous_1)
FN:63,loadUser
FN:97,login
FN:107,signup
FN:117,logout
FN:127,hasAppliedToJob
FN:138,applyToJob
FN:147,(anonymous_8)
FN:159,(anonymous_9)
FNF:10
FNH:4
FNDA:2,App
FNDA:1,(anonymous_1)
FNDA:1,loadUser
FNDA:0,login
FNDA:0,signup
FNDA:0,logout
FNDA:0,hasAppliedToJob
FNDA:0,applyToJob
FNDA:0,(anonymous_8)
FNDA:1,(anonymous_9)
DA:42,1
DA:46,2
DA:49,2
DA:52,2
DA:62,2
DA:64,1
DA:65,1
DA:66,1
DA:68,0
DA:71,0
DA:74,0
DA:75,0
DA:78,1
DA:82,0
DA:83,0
DA:85,1
DA:89,1
DA:98,0
DA:99,0
DA:108,0
DA:109,0
DA:118,0
DA:119,0
DA:128,0
DA:129,0
DA:139,0
DA:142,0
DA:144,0
DA:147,0
DA:158,2
DA:159,1
DA:172,2
DA:174,1
LF:33
LH:15
BRDA:66,0,0,0
BRDA:66,0,1,1
BRDA:128,1,0,0
BRDA:128,1,1,0
BRDA:139,2,0,0
BRDA:139,2,1,0
BRDA:142,3,0,0
BRDA:142,3,1,0
BRDA:149,4,0,0
BRDA:149,4,1,0
BRDA:172,5,0,1
BRDA:172,5,1,1
BRF:12
BRH:3
end_of_record
TN:
SF:src/Homepage.js
FN:20,Homepage
FNF:1
FNH:1
FNDA:3,Homepage
DA:22,3
DA:25,3
DA:27,3
LF:3
LH:3
BRDA:22,0,0,3
BRDA:22,0,1,0
BRDA:25,1,0,3
BRDA:25,1,1,2
BRDA:36,2,0,1
BRDA:36,2,1,2
BRDA:80,3,0,3
BRDA:80,3,1,1
BRF:8
BRH:7
end_of_record
TN:
SF:src/NavBar.js
FN:23,NavBar
FNF:1
FNH:1
FNDA:3,NavBar
DA:25,3
DA:28,3
DA:31,3
DA:33,3
LF:4
LH:4
BRDA:25,0,0,3
BRDA:25,0,1,0
BRDA:35,1,0,0
BRDA:35,1,1,3
BRDA:43,2,0,1
BRDA:43,2,1,2
BRF:6
BRH:4
end_of_record
TN:
SF:src/api.js
FN:40,(anonymous_0)
FN:66,(anonymous_1)
FN:79,(anonymous_2)
FN:92,(anonymous_3)
FN:106,(anonymous_4)
FN:119,(anonymous_5)
FN:131,(anonymous_6)
FN:144,(anonymous_7)
FN:156,(anonymous_8)
FNF:9
FNH:0
FNDA:0,(anonymous_0)
FNDA:0,(anonymous_1)
FNDA:0,(anonymous_2)
FNDA:0,(anonymous_3)
FNDA:0,(anonymous_4)
FNDA:0,(anonymous_5)
FNDA:0,(anonymous_6)
FNDA:0,(anonymous_7)
FNDA:0,(anonymous_8)
DA:20,0
DA:28,0
DA:41,0
DA:42,0
DA:45,0
DA:47,0
DA:48,0
DA:49,0
DA:52,0
DA:54,0
DA:67,0
DA:68,0
DA:69,0
DA:80,0
DA:81,0
DA:93,0
DA:94,0
DA:95,0
DA:107,0
DA:108,0
DA:120,0
DA:121,0
DA:132,0
DA:133,0
DA:145,0
DA:146,0
DA:157,0
DA:162,0
LF:28
LH:0
BRDA:20,0,0,0
BRDA:20,0,1,0
BRDA:40,1,0,0
BRDA:40,2,0,0
BRDA:42,3,0,0
BRDA:42,3,1,0
BRDA:45,4,0,0
BRDA:45,4,1,0
BRDA:52,5,0,0
BRDA:52,5,1,0
BRDA:54,6,0,0
BRDA:54,6,1,0
BRDA:67,7,0,0
BRDA:67,7,1,0
BRDA:93,8,0,0
BRDA:93,8,1,0
BRF:16
BRH:0
end_of_record
TN:
SF:src/index.js
FNF:0
FNH:0
DA:7,0
DA:8,0
DA:17,0
LF:3
LH:0
BRF:0
BRH:0
end_of_record
TN:
SF:src/auth/CurrentUserContext.js
FN:36,useCurrentUser
FNF:1
FNH:1
FNDA:57,useCurrentUser
DA:22,6
DA:37,57
LF:2
LH:2
BRF:0
BRH:0
end_of_record
TN:
SF:src/auth/LoginForm.js
FN:24,LoginForm
FN:38,handleChange
FN:40,(anonymous_2)
FN:44,handleSubmit
FNF:4
FNH:4
FNDA:38,LoginForm
FNDA:31,handleChange
FNDA:31,(anonymous_2)
FNDA:2,handleSubmit
DA:25,38
DA:30,38
DA:34,38
DA:35,38
DA:39,31
DA:40,31
DA:45,2
DA:46,2
DA:47,2
DA:48,2
DA:49,2
DA:50,1
DA:52,1
DA:54,2
DA:61,38
LF:15
LH:15
BRDA:52,0,0,1
BRDA:52,0,1,0
BRDA:102,1,0,2
BRDA:102,1,1,36
BRDA:110,2,0,38
BRDA:110,2,1,1
BRF:6
BRH:5
end_of_record
TN:
SF:src/auth/SignupForm.js
FN:23,SignupForm
FN:40,handleChange
FN:42,(anonymous_2)
FN:46,handleSubmit
FNF:4
FNH:4
FNDA:87,SignupForm
FNDA:80,handleChange
FNDA:80,(anonymous_2)
FNDA:2,handleSubmit
DA:24,87
DA:29,87
DA:36,87
DA:37,87
DA:41,80
DA:42,80
DA:47,2
DA:48,2
DA:49,2
DA:51,2
DA:52,2
DA:53,1
DA:55,1
DA:57,2
DA:64,87
LF:15
LH:15
BRDA:55,0,0,1
BRDA:55,0,1,0
BRDA:145,1,0,2
BRDA:145,1,1,85
BRDA:153,2,0,87
BRDA:153,2,1,1
BRF:6
BRH:5
end_of_record
TN:
SF:src/common/SearchForm.js
FN:23,SearchForm
FN:28,handleSubmit
FN:39,(anonymous_2)
FNF:3
FNH:1
FNDA:12,SearchForm
FNDA:0,handleSubmit
FNDA:0,(anonymous_2)
DA:25,12
DA:29,0
DA:31,0
DA:34,12
DA:39,0
LF:5
LH:2
BRDA:23,0,0,6
BRDA:31,1,0,0
BRDA:31,1,1,0
BRF:3
BRH:1
end_of_record
TN:
SF:src/companies/CompanyCard.js
FN:22,CompanyCard
FNF:1
FNH:1
FNDA:2,CompanyCard
DA:24,2
DA:26,2
LF:2
LH:2
BRDA:34,0,0,0
BRDA:34,0,1,2
BRDA:48,1,0,0
BRDA:48,1,1,2
BRF:4
BRH:2
end_of_record
TN:
SF:src/companies/CompanyDetail.js
FN:25,CompanyDetail
FN:39,(anonymous_1)
FN:40,load
FN:77,(anonymous_3)
FNF:4
FNH:0
FNDA:0,CompanyDetail
FNDA:0,(anonymous_1)
FNDA:0,load
FNDA:0,(anonymous_3)
DA:27,0
DA:32,0
DA:33,0
DA:34,0
DA:39,0
DA:41,0
DA:42,0
DA:43,0
DA:46,0
DA:47,0
DA:49,0
DA:51,0
DA:54,0
DA:60,0
DA:61,0
DA:62,0
DA:67,0
DA:78,0
LF:18
LH:0
BRDA:49,0,0,0
BRDA:49,0,1,0
BRDA:60,1,0,0
BRDA:60,1,1,0
BRDA:61,2,0,0
BRDA:61,2,1,0
BRDA:62,3,0,0
BRDA:62,3,1,0
BRDA:75,4,0,0
BRDA:75,4,1,0
BRF:10
BRH:0
end_of_record
TN:
SF:src/companies/CompanyList.js
FN:25,CompanyList
FN:36,(anonymous_1)
FN:46,handleSearch
FN:87,(anonymous_3)
FNF:4
FNH:4
FNDA:6,CompanyList
FNDA:3,(anonymous_1)
FNDA:3,handleSearch
FNDA:2,(anonymous_3)
DA:29,6
DA:30,6
DA:31,6
DA:36,6
DA:37,3
DA:47,3
DA:48,3
DA:49,3
DA:52,3
DA:53,2
DA:56,1
DA:58,3
DA:65,6
DA:88,2
LF:14
LH:14
BRDA:56,0,0,1
BRDA:56,0,1,0
BRDA:77,1,0,6
BRDA:77,1,1,3
BRDA:78,2,0,6
BRDA:78,2,1,1
BRDA:80,3,0,6
BRDA:80,3,1,3
BRDA:80,3,2,2
BRDA:80,3,3,1
BRDA:85,4,0,6
BRDA:85,4,1,3
BRDA:85,4,2,2
BRDA:85,4,3,1
BRF:14
BRH:13
end_of_record
TN:
SF:src/hooks/useLocalStorage.js
FN:24,useLocalStorage
FN:30,(anonymous_1)
FN:40,(anonymous_2)
FNF:3
FNH:3
FNDA:2,useLocalStorage
FNDA:1,(anonymous_1)
FNDA:1,(anonymous_2)
DA:30,2
DA:31,1
DA:32,1
DA:40,2
DA:41,1
DA:42,1
DA:44,0
DA:49,2
LF:8
LH:7
BRDA:24,0,0,0
BRDA:32,1,0,0
BRDA:32,1,1,1
BRDA:41,2,0,1
BRDA:41,2,1,0
BRDA:41,3,0,1
BRDA:41,3,1,0
BRF:7
BRH:3
end_of_record
TN:
SF:src/jobs/JobCard.js
FN:24,JobCard
FN:38,formatSalary
FN:44,handleApply
FNF:3
FNH:3
FNDA:7,JobCard
FNDA:7,formatSalary
FNDA:1,handleApply
DA:26,7
DA:29,7
DA:32,7
DA:35,7
DA:39,7
DA:40,7
DA:45,1
DA:46,1
DA:47,1
DA:49,1
DA:56,7
LF:11
LH:11
BRDA:24,0,0,0
BRDA:26,1,0,7
BRDA:26,1,1,2
BRDA:35,2,0,4
BRDA:35,2,1,3
BRDA:39,3,0,0
BRDA:39,3,1,7
BRDA:60,4,0,7
BRDA:60,4,1,7
BRDA:60,4,2,7
BRDA:64,5,0,7
BRDA:64,5,1,2
BRDA:67,6,0,7
BRDA:67,6,1,4
BRDA:69,7,0,1
BRDA:69,7,1,3
BRDA:79,8,0,1
BRDA:79,8,1,2
BRF:18
BRH:16
end_of_record
TN:
SF:src/jobs/JobList.js
FN:25,JobList
FN:36,(anonymous_1)
FN:47,handleSearch
FN:86,(anonymous_3)
FNF:4
FNH:4
FNDA:6,JobList
FNDA:3,(anonymous_1)
FNDA:3,handleSearch
FNDA:2,(anonymous_3)
DA:29,6
DA:30,6
DA:31,6
DA:36,6
DA:37,3
DA:48,3
DA:49,3
DA:50,3
DA:52,3
DA:53,2
DA:55,1
DA:57,3
DA:64,6
DA:87,2
LF:14
LH:14
BRDA:55,0,0,1
BRDA:55,0,1,0
BRDA:76,1,0,6
BRDA:76,1,1,3
BRDA:77,2,0,6
BRDA:77,2,1,1
BRDA:79,3,0,6
BRDA:79,3,1,3
BRDA:79,3,2,2
BRDA:79,3,3,1
BRDA:84,4,0,6
BRDA:84,4,1,3
BRDA:84,4,2,2
BRDA:84,4,3,1
BRF:14
BRH:13
end_of_record
TN:
SF:src/profile/ProfileForm.js
FN:20,ProfileForm
FN:41,(anonymous_1)
FN:43,(anonymous_2)
FN:57,handleChange
FN:59,(anonymous_4)
FN:63,handleSubmit
FN:84,(anonymous_6)
FN:161,(anonymous_7)
FN:162,(anonymous_8)
FNF:9
FNH:7
FNDA:38,ProfileForm
FNDA:3,(anonymous_1)
FNDA:3,(anonymous_2)
FNDA:28,handleChange
FNDA:28,(anonymous_4)
FNDA:2,handleSubmit
FNDA:1,(anonymous_6)
FNDA:0,(anonymous_7)
FNDA:0,(anonymous_8)
DA:22,38
DA:25,38
DA:33,38
DA:34,38
DA:35,38
DA:41,38
DA:42,3
DA:43,3
DA:54,38
DA:58,28
DA:59,28
DA:64,2
DA:65,2
DA:66,2
DA:67,2
DA:70,2
DA:77,2
DA:79,2
DA:80,1
DA:81,1
DA:84,1
DA:86,1
DA:87,1
DA:89,2
DA:93,38
DA:162,0
LF:26
LH:25
BRDA:22,0,0,38
BRDA:22,0,1,0
BRDA:42,1,0,3
BRDA:42,1,1,0
BRDA:45,2,0,3
BRDA:45,2,1,0
BRDA:46,3,0,3
BRDA:46,3,1,0
BRDA:47,4,0,3
BRDA:47,4,1,0
BRDA:54,5,0,0
BRDA:54,5,1,38
BRDA:87,6,0,1
BRDA:87,6,1,0
BRDA:155,7,0,2
BRDA:155,7,1,36
BRDA:164,8,0,0
BRDA:164,8,1,0
BRDA:165,9,0,0
BRDA:165,9,1,0
BRDA:166,10,0,0
BRDA:166,10,1,0
BRDA:177,11,0,38
BRDA:177,11,1,1
BRDA:180,12,0,38
BRDA:180,12,1,1
BRDA:182,13,0,1
BRDA:182,13,1,0
BRF:28
BRH:14
end_of_record
TN:
SF:src/routes/Guards.js
FN:35,PrivateRoute
FN:46,AnonRoute
FNF:2
FNH:2
FNDA:4,PrivateRoute
FNDA:2,AnonRoute
DA:36,4
DA:37,4
DA:47,2
DA:48,2
LF:4
LH:4
BRDA:36,0,0,4
BRDA:36,0,1,0
BRDA:37,1,0,0
BRDA:37,1,1,4
BRDA:47,2,0,2
BRDA:47,2,1,0
BRDA:48,3,0,2
BRDA:48,3,1,0
BRF:8
BRH:4
end_of_record
